Using pre-set license

 COMMAND LINE ARGUMENTS:
/Applications/Unity/2020.2.6f1/Unity.app/Contents/MacOS/Unity
-adb2
-batchMode
-noUpm
-name
AssetImportWorker0
-projectPath
/Users/nagioi0a/Unity/Gulf Tour
-logFile
Logs/AssetImportWorker0.log
-srvPort
54999
Successfully changed project path to: /Users/nagioi0a/Unity/Gulf Tour
/Users/nagioi0a/Unity/Gulf Tour
Using Asset Import Pipeline V2.
Refreshing native plugins compatible for Editor in 89.05 ms, found 5 plugins.
Preloading 1 native plugins for Editor in 24.80 ms.
Initialize engine version: 2020.2.6f1 (8a2143876886)
[Subsystems] Discovering subsystems at path /Applications/Unity/2020.2.6f1/Unity.app/Contents/Resources/UnitySubsystems
[Subsystems] Discovering subsystems at path /Users/nagioi0a/Unity/Gulf Tour/Assets
GfxDevice: creating device client; threaded=0
2021-02-26 20:15:09.226 Unity[29874:856998] Color LCD preferred device: NVIDIA GeForce GT 750M (high power)
2021-02-26 20:15:09.226 Unity[29874:856998] Metal devices available: 2
2021-02-26 20:15:09.226 Unity[29874:856998] 0: NVIDIA GeForce GT 750M (high power)
2021-02-26 20:15:09.227 Unity[29874:856998] 1: Intel Iris Pro Graphics (low power)
2021-02-26 20:15:09.227 Unity[29874:856998] Using device NVIDIA GeForce GT 750M (high power)
Initializing Metal device caps: NVIDIA GeForce GT 750M
Shader 'Oculus/OVRMRCameraFrameLit': fallback shader 'Alpha-Diffuse' not found
Initialize mono
Mono path[0] = '/Applications/Unity/2020.2.6f1/Unity.app/Contents/Managed'
Mono path[1] = '/Applications/Unity/2020.2.6f1/Unity.app/Contents/MonoBleedingEdge/lib/mono/unityjit'
Mono config path = '/Applications/Unity/2020.2.6f1/Unity.app/Contents/MonoBleedingEdge/etc'
Using monoOptions --debugger-agent=transport=dt_socket,embedding=1,server=y,suspend=n,address=127.0.0.1:56874
Begin MonoManager ReloadAssembly
Registering precompiled unity dll's ...
Register platform support module: /Applications/Unity/2020.2.6f1/Unity.app/Contents/PlaybackEngines/MacStandaloneSupport/UnityEditor.OSXStandalone.Extensions.dll
Registered in 0.000614 seconds.
Native extension for OSXStandalone target not found
Refreshing native plugins compatible for Editor in 69.90 ms, found 5 plugins.
Preloading 1 native plugins for Editor in 0.61 ms.
Invoked RoslynAnalysisRunner static constructor.
RoslynAnalysisRunner will not be running.
RoslynAnalysisRunner has terminated.
Mono: successfully reloaded assembly
- Completed reload, in  3.996 seconds
Platform modules already initialized, skipping
Registering precompiled user dll's ...
Registered in 0.002382 seconds.
Begin MonoManager ReloadAssembly
Native extension for OSXStandalone target not found
Refreshing native plugins compatible for Editor in 69.06 ms, found 5 plugins.
Preloading 1 native plugins for Editor in 0.65 ms.
Invoked RoslynAnalysisRunner static constructor.
RoslynAnalysisRunner will not be running.
RoslynAnalysisRunner has terminated.
Mono: successfully reloaded assembly
- Completed reload, in  1.403 seconds
Platform modules already initialized, skipping
========================================================================
Worker process is ready to serve import requests
Shader 'Oculus/OVRMRCameraFrameLit': fallback shader 'Alpha-Diffuse' not found
Launching external process: /Applications/Unity/2020.2.6f1/Unity.app/Contents/Tools/UnityShaderCompiler
Launched and connected shader compiler UnityShaderCompiler after 0.02 seconds
Refreshing native plugins compatible for Editor in 0.92 ms, found 5 plugins.
Preloading 1 native plugins for Editor in 0.57 ms.
Unloading 2168 Unused Serialized files (Serialized files now loaded: 0)
System memory in use before: 201.6 MB.
System memory in use after: 201.5 MB.

Unloading 39 unused Assets to reduce memory usage. Loaded Objects now: 2716.
Total: 3.640224 ms (FindLiveObjects: 0.341040 ms CreateObjectMapping: 0.131279 ms MarkObjects: 2.576541 ms  DeleteObjects: 0.589787 ms)

========================================================================
Received Prepare
Shader 'Oculus/OVRMRCameraFrameLit': fallback shader 'Alpha-Diffuse' not found
Refreshing native plugins compatible for Editor in 5.92 ms, found 5 plugins.
Preloading 1 native plugins for Editor in 0.60 ms.
Unloading 31 Unused Serialized files (Serialized files now loaded: 0)
System memory in use before: 155.9 MB.
System memory in use after: 155.8 MB.

Unloading 31 unused Assets to reduce memory usage. Loaded Objects now: 2716.
Total: 14.159748 ms (FindLiveObjects: 2.751289 ms CreateObjectMapping: 0.978289 ms MarkObjects: 8.910800 ms  DeleteObjects: 1.512869 ms)

========================================================================
Received Import Request.
  path: Assets/Scenes/SampleScene.unity
  artifactKey: Guid(9fc0d4010bbf28b4594072e72b8655ab) Importer(815301076,1909f56bfc062723c751e8b465ee728b)
Start importing Assets/Scenes/SampleScene.unity using Guid(9fc0d4010bbf28b4594072e72b8655ab) Importer(815301076,1909f56bfc062723c751e8b465ee728b)  -> (artifact id: '316088563a51f7bf6613cff66eaaff9b') in 0.029313 seconds
  Import took 0.034638 seconds .

========================================================================
Received Import Request.
  Time since last request: 58.938582 seconds.
  path: Assets/Scenes/New Lighting Settings.lighting
  artifactKey: Guid(d626f7496f6254e738f7501708c00834) Importer(815301076,1909f56bfc062723c751e8b465ee728b)
Start importing Assets/Scenes/New Lighting Settings.lighting using Guid(d626f7496f6254e738f7501708c00834) Importer(815301076,1909f56bfc062723c751e8b465ee728b)  -> (artifact id: 'f2882aadfb6883ebde3d3d39d9a2df2c') in 1.005567 seconds
  Import took 1.011147 seconds .

========================================================================
Received Import Request.
  Time since last request: 1.482768 seconds.
  path: Assets/Scenes/New Lighting Settings.lighting
  artifactKey: Guid(d626f7496f6254e738f7501708c00834) Importer(815301076,1909f56bfc062723c751e8b465ee728b)
Start importing Assets/Scenes/New Lighting Settings.lighting using Guid(d626f7496f6254e738f7501708c00834) Importer(815301076,1909f56bfc062723c751e8b465ee728b)  -> (artifact id: 'f2882aadfb6883ebde3d3d39d9a2df2c') in 0.002766 seconds
  Import took 0.008056 seconds .

========================================================================
Received Import Request.
  Time since last request: 121.152874 seconds.
  path: Assets/Scenes/New Lighting Settings 1.lighting
  artifactKey: Guid(facad88ee8256453eac171ea1f5685cf) Importer(815301076,1909f56bfc062723c751e8b465ee728b)
Start importing Assets/Scenes/New Lighting Settings 1.lighting using Guid(facad88ee8256453eac171ea1f5685cf) Importer(815301076,1909f56bfc062723c751e8b465ee728b)  -> (artifact id: 'f3012d2b0e813f37024b637253df9ef4') in 0.011650 seconds
  Import took 0.022531 seconds .

========================================================================
Received Prepare
Registering precompiled user dll's ...
Registered in 0.005173 seconds.
Begin MonoManager ReloadAssembly
Native extension for OSXStandalone target not found
Refreshing native plugins compatible for Editor in 0.96 ms, found 5 plugins.
Preloading 1 native plugins for Editor in 0.64 ms.
Invoked RoslynAnalysisRunner static constructor.
RoslynAnalysisRunner will not be running.
RoslynAnalysisRunner has terminated.
Mono: successfully reloaded assembly
- Completed reload, in  1.596 seconds
Platform modules already initialized, skipping
Switching build target platform(2) subTarget(0) extendedPlatform(0) -> platform(13) subTarget(524294) extendedPlatform(0)
Shader 'Oculus/OVRMRCameraFrameLit': fallback shader 'Alpha-Diffuse' not found
Refreshing native plugins compatible for Editor in 1.09 ms, found 5 plugins.
Preloading 1 native plugins for Editor in 0.69 ms.
Unloading 2097 Unused Serialized files (Serialized files now loaded: 0)
System memory in use before: 193.0 MB.
System memory in use after: 192.9 MB.

Unloading 34 unused Assets to reduce memory usage. Loaded Objects now: 2719.
Total: 3.504436 ms (FindLiveObjects: 0.358264 ms CreateObjectMapping: 0.124594 ms MarkObjects: 2.546169 ms  DeleteObjects: 0.473654 ms)

AssetImportParameters requested are different than current active one (requested -> active):
  custom:graphics/normal-map-encoding: 01000000000000000000000000000000 -> 02000000000000000000000000000000
========================================================================
Received Prepare
Registering precompiled user dll's ...
Registered in 0.003629 seconds.
Begin MonoManager ReloadAssembly
Native extension for OSXStandalone target not found
Refreshing native plugins compatible for Editor in 0.99 ms, found 5 plugins.
Preloading 1 native plugins for Editor in 0.69 ms.
Invoked RoslynAnalysisRunner static constructor.
RoslynAnalysisRunner will not be running.
RoslynAnalysisRunner has terminated.
Mono: successfully reloaded assembly
- Completed reload, in  1.549 seconds
Platform modules already initialized, skipping
Switching build target platform(2) subTarget(0) extendedPlatform(0) -> platform(13) subTarget(524294) extendedPlatform(0)
Shader 'Oculus/OVRMRCameraFrameLit': fallback shader 'Alpha-Diffuse' not found
Refreshing native plugins compatible for Editor in 1.30 ms, found 5 plugins.
Preloading 1 native plugins for Editor in 0.86 ms.
Unloading 2097 Unused Serialized files (Serialized files now loaded: 0)
System memory in use before: 193.2 MB.
System memory in use after: 193.1 MB.

Unloading 34 unused Assets to reduce memory usage. Loaded Objects now: 2722.
Total: 4.219778 ms (FindLiveObjects: 0.553919 ms CreateObjectMapping: 0.200014 ms MarkObjects: 2.943861 ms  DeleteObjects: 0.520074 ms)

AssetImportParameters requested are different than current active one (requested -> active):
  custom:graphics/normal-map-encoding: 01000000000000000000000000000000 -> 02000000000000000000000000000000
========================================================================
Received Prepare
Registering precompiled user dll's ...
Registered in 0.014218 seconds.
Begin MonoManager ReloadAssembly
Native extension for OSXStandalone target not found
Refreshing native plugins compatible for Editor in 34.21 ms, found 5 plugins.
Preloading 1 native plugins for Editor in 18.93 ms.
Invoked RoslynAnalysisRunner static constructor.
RoslynAnalysisRunner will not be running.
RoslynAnalysisRunner has terminated.
Mono: successfully reloaded assembly
- Completed reload, in 20.101 seconds
Platform modules already initialized, skipping
Switching build target platform(2) subTarget(0) extendedPlatform(0) -> platform(13) subTarget(524294) extendedPlatform(0)
Shader 'Oculus/OVRMRCameraFrameLit': fallback shader 'Alpha-Diffuse' not found
Refreshing native plugins compatible for Editor in 25.86 ms, found 5 plugins.
Preloading 1 native plugins for Editor in 3.77 ms.
Unloading 2097 Unused Serialized files (Serialized files now loaded: 0)
System memory in use before: 193.5 MB.
System memory in use after: 193.4 MB.

Unloading 34 unused Assets to reduce memory usage. Loaded Objects now: 2725.
Total: 14.779422 ms (FindLiveObjects: 1.211303 ms CreateObjectMapping: 0.447629 ms MarkObjects: 10.804382 ms  DeleteObjects: 2.309434 ms)

AssetImportParameters requested are different than current active one (requested -> active):
  custom:graphics/normal-map-encoding: 01000000000000000000000000000000 -> 02000000000000000000000000000000
========================================================================
Received Prepare
Registering precompiled user dll's ...
Registered in 0.035300 seconds.
Begin MonoManager ReloadAssembly
Native extension for OSXStandalone target not found
Refreshing native plugins compatible for Editor in 2.05 ms, found 5 plugins.
Preloading 1 native plugins for Editor in 1.67 ms.
Invoked RoslynAnalysisRunner static constructor.
RoslynAnalysisRunner will not be running.
RoslynAnalysisRunner has terminated.
Mono: successfully reloaded assembly
- Completed reload, in  7.010 seconds
Platform modules already initialized, skipping
Switching build target platform(2) subTarget(0) extendedPlatform(0) -> platform(13) subTarget(524294) extendedPlatform(0)
Shader 'Oculus/OVRMRCameraFrameLit': fallback shader 'Alpha-Diffuse' not found
Refreshing native plugins compatible for Editor in 2.40 ms, found 5 plugins.
Preloading 1 native plugins for Editor in 1.99 ms.
Unloading 2097 Unused Serialized files (Serialized files now loaded: 0)
System memory in use before: 193.7 MB.
System memory in use after: 193.6 MB.

Unloading 34 unused Assets to reduce memory usage. Loaded Objects now: 2728.
Total: 12.030107 ms (FindLiveObjects: 1.593039 ms CreateObjectMapping: 0.560843 ms MarkObjects: 8.885135 ms  DeleteObjects: 0.986640 ms)

AssetImportParameters requested are different than current active one (requested -> active):
  custom:graphics/normal-map-encoding: 01000000000000000000000000000000 -> 02000000000000000000000000000000
========================================================================
Received Import Request.
  Time since last request: 27296.840501 seconds.
  path: Assets/Scenes/New Lighting Settings.lighting
  artifactKey: Guid(d626f7496f6254e738f7501708c00834) Importer(815301076,1909f56bfc062723c751e8b465ee728b)
Start importing Assets/Scenes/New Lighting Settings.lighting using Guid(d626f7496f6254e738f7501708c00834) Importer(815301076,1909f56bfc062723c751e8b465ee728b)  -> (artifact id: '0d6e865979d739d37bdf25af7db81280') in 0.030468 seconds
  Import took 0.040695 seconds .

========================================================================
Received Import Request.
  Time since last request: 0.022795 seconds.
  path: Assets/Scenes/New Lighting Settings.lighting
  artifactKey: Guid(d626f7496f6254e738f7501708c00834) Importer(815301076,1909f56bfc062723c751e8b465ee728b)
Start importing Assets/Scenes/New Lighting Settings.lighting using Guid(d626f7496f6254e738f7501708c00834) Importer(815301076,1909f56bfc062723c751e8b465ee728b)  -> (artifact id: '0d6e865979d739d37bdf25af7db81280') in 0.002416 seconds
  Import took 0.007217 seconds .

========================================================================
Received Prepare
Registering precompiled user dll's ...
Registered in 0.006224 seconds.
Begin MonoManager ReloadAssembly
Native extension for OSXStandalone target not found
Refreshing native plugins compatible for Editor in 2.08 ms, found 5 plugins.
Preloading 1 native plugins for Editor in 2.16 ms.
Invoked RoslynAnalysisRunner static constructor.
RoslynAnalysisRunner will not be running.
RoslynAnalysisRunner has terminated.
Mono: successfully reloaded assembly
- Completed reload, in  2.090 seconds
Platform modules already initialized, skipping
Switching build target platform(2) subTarget(0) extendedPlatform(0) -> platform(13) subTarget(524294) extendedPlatform(0)
Shader 'Oculus/OVRMRCameraFrameLit': fallback shader 'Alpha-Diffuse' not found
Refreshing native plugins compatible for Editor in 1.60 ms, found 5 plugins.
Preloading 1 native plugins for Editor in 1.08 ms.
Unloading 2097 Unused Serialized files (Serialized files now loaded: 0)
System memory in use before: 193.8 MB.
System memory in use after: 193.7 MB.

Unloading 34 unused Assets to reduce memory usage. Loaded Objects now: 2731.
Total: 4.138613 ms (FindLiveObjects: 0.376273 ms CreateObjectMapping: 0.116122 ms MarkObjects: 2.821209 ms  DeleteObjects: 0.822855 ms)

AssetImportParameters requested are different than current active one (requested -> active):
  custom:graphics/normal-map-encoding: 01000000000000000000000000000000 -> 02000000000000000000000000000000
========================================================================
Received Prepare
Registering precompiled user dll's ...
Registered in 0.010816 seconds.
Begin MonoManager ReloadAssembly
Native extension for OSXStandalone target not found
Refreshing native plugins compatible for Editor in 0.98 ms, found 5 plugins.
Preloading 1 native plugins for Editor in 0.64 ms.
Invoked RoslynAnalysisRunner static constructor.
RoslynAnalysisRunner will not be running.
RoslynAnalysisRunner has terminated.
Mono: successfully reloaded assembly
- Completed reload, in  1.851 seconds
Platform modules already initialized, skipping
Switching build target platform(2) subTarget(0) extendedPlatform(0) -> platform(13) subTarget(524294) extendedPlatform(0)
Shader 'Oculus/OVRMRCameraFrameLit': fallback shader 'Alpha-Diffuse' not found
Refreshing native plugins compatible for Editor in 1.00 ms, found 5 plugins.
Preloading 1 native plugins for Editor in 0.61 ms.
Unloading 2148 Unused Serialized files (Serialized files now loaded: 0)
System memory in use before: 205.0 MB.
System memory in use after: 198.9 MB.

Unloading 54 unused Assets to reduce memory usage. Loaded Objects now: 2765.
Total: 6.526594 ms (FindLiveObjects: 0.414828 ms CreateObjectMapping: 0.109069 ms MarkObjects: 2.190459 ms  DeleteObjects: 3.810348 ms)

AssetImportParameters requested are different than current active one (requested -> active):
  custom:graphics/normal-map-encoding: 01000000000000000000000000000000 -> 02000000000000000000000000000000
========================================================================
Received Prepare
Registering precompiled user dll's ...
Registered in 0.007199 seconds.
Begin MonoManager ReloadAssembly
Native extension for OSXStandalone target not found
Refreshing native plugins compatible for Editor in 0.96 ms, found 5 plugins.
Preloading 1 native plugins for Editor in 0.61 ms.
Invoked RoslynAnalysisRunner static constructor.
RoslynAnalysisRunner will not be running.
RoslynAnalysisRunner has terminated.
Mono: successfully reloaded assembly
- Completed reload, in  1.490 seconds
Platform modules already initialized, skipping
Switching build target platform(2) subTarget(0) extendedPlatform(0) -> platform(13) subTarget(524294) extendedPlatform(0)
Shader 'Oculus/OVRMRCameraFrameLit': fallback shader 'Alpha-Diffuse' not found
Refreshing native plugins compatible for Editor in 0.93 ms, found 5 plugins.
Preloading 1 native plugins for Editor in 0.59 ms.
Unloading 2148 Unused Serialized files (Serialized files now loaded: 0)
System memory in use before: 205.2 MB.
System memory in use after: 199.1 MB.

Unloading 54 unused Assets to reduce memory usage. Loaded Objects now: 2768.
Total: 7.935409 ms (FindLiveObjects: 0.480690 ms CreateObjectMapping: 0.132604 ms MarkObjects: 2.667220 ms  DeleteObjects: 4.652830 ms)

AssetImportParameters requested are different than current active one (requested -> active):
  custom:graphics/normal-map-encoding: 01000000000000000000000000000000 -> 02000000000000000000000000000000
